PocketMine-MP Crash Dump Sat Aug 7 13:00:43 +07 2021

Error: Call to a member function getGroupPermissions() on null
File: plugins/SETVIP_v2.5.phar/src/MCPEVN/SetVip
Line: 218
Type: Error

THIS CRASH WAS CAUSED BY A PLUGIN
BAD PLUGIN: SETVIP v2.3

Code:
[209] 		if($i[1] < 1) {
[210] 			
[211] 			$p = $this->pp->getPlayer($name);
[212] 			
[213] 			if($p !== null && $this->getServer()->getPlayer($name) !== null) {
[214] 				
[215] 				
[216] 				$p->sendMessage("§fRank §e[". $i[2] ."] §fcủa bạn đã hết hạn, nếu muốn tiếp tục có rank, xin hãy gia hạn!");
[217] 			}
[218] 			$vperm = $this->pp->getGroup($i[2])->getGroupPermissions();
[219] 			$this->pp->setGroup($p, $this->pp->getDefaultGroup());
[220] 			
[221] 			
[222] 			$pcfg = $this->time->get($name);
[223] 			
[224] 			unset($pcfg["current-vip"]);
[225] 			$this->time->set($name, $pcfg);
[226] 			$this->time->save();
[227] 			
[228] 			if(isset($pcfg["holding-vip"])) {

Backtrace:
#0 plugins/SETVIP_v2.5.phar/src/MCPEVN/SetVip(26): MCPEVN\SetVip->tick()
#1 pmsrc/src/pocketmine/scheduler/TaskHandler(137): MCPEVN\TickTask->onRun(integer 1)
#2 pmsrc/src/pocketmine/scheduler/TaskScheduler(179): pocketmine\scheduler\TaskHandler->run(integer 1)
#3 pmsrc/src/pocketmine/plugin/PluginManager(654): pocketmine\scheduler\TaskScheduler->mainThreadHeartbeat(integer 1)
#4 pmsrc/src/pocketmine/Server(2389): pocketmine\plugin\PluginManager->tickSchedulers(integer 1)
#5 pmsrc/src/pocketmine/Server(2152): pocketmine\Server->tick()
#6 pmsrc/src/pocketmine/Server(1992): pocketmine\Server->tickProcessor()
#7 pmsrc/src/pocketmine/Server(1586): pocketmine\Server->start()
#8 pmsrc/src/pocketmine/PocketMine(311): pocketmine\Server->__construct(object BaseClassLoader, object pocketmine\utils\MainLogger, string[42] C:\Users\Administrator\Desktop\New folder\, string[50] C:\Users\Administrator\Desktop\New folder\plugins\)
#9 pmsrc/src/pocketmine/PocketMine(341): pocketmine\server()
#10 pmsrc(11): require(string[97] phar://C:/Users/Administrator/Desktop/New folder/PocketMine-MP.phar/src/pocketmi)

PocketMine-MP version: 3.22.1 [Protocol 448]
Git commit: 9477034a4ae58cc5c12b8278c14a8e46a43992b2
uname -a: Windows NT CQIDMVZHSBWFNPR 10.0 build 17763 (Windows Server 2016) AMD64
PHP Version: 7.4.22
Zend version: 3.4.0
OS : WINNT, win
Composer libraries: 
- adhocore/json-comment 1.1.2@fc2f76979f0a44a5f5bc2a2b600d0762fe0e78e7
- daverandom/callback-validator unknown@unknown
- pocketmine/binaryutils 0.1.13@0abee38d4e2861621f262c79a2a3d699d8a697f4
- pocketmine/callback-validator 1.0.3@64787469766bcaa7e5885242e85c23c25e8c55a2
- pocketmine/classloader 0.1.2@9757928424652393b178a3760073113aa7c9911b
- pocketmine/log 0.2.1@830b44a2cf96ef703c550abe64302f230231ca49
- pocketmine/log-pthreads 0.1.3@e477ecf6ec214fdd4415ea1da3fdd9d73bf699ea
- pocketmine/math 0.2.6@43057cb8c179a9859677b496a788db922fd5cfc3
- pocketmine/nbt 0.2.18@9f82ca4d7f97fcd9a566e44b63c4f18a7657ae82
- pocketmine/pocketmine-mp 3.22.1@9477034a4ae58cc5c12b8278c14a8e46a43992b2
- pocketmine/raklib 0.12.11@9cce458b8bfde3e4dfdbf70c659fc7b7fe26b5c4
- pocketmine/snooze 0.1.5@70b5e7937a06878dd321a3182ceb76d56298f2cd
- pocketmine/spl 0.4.2@6b08b7cf8c4afa17139c9a1b3bf1b408531de161

Loaded plugins:
AdvancedJoin 1.1.0 by tim03we for API(s) 3.0.0
AntiToolBox 0.1 by NgLamVN for API(s) 3.0.0
AntiVoid 1.1.0 by FiberglassCivic for API(s) 3.0.0
AuctionHouse 1.2.5 by Shock95x for API(s) 3.0.0
AutoClearLagg 3.1.0 by Twisted for API(s) 3.0.0
AutoEXP 0.0.1 by RubyTemple for API(s) 3.0.0
AutoInv 0.0.10 by JackNoordhuis for API(s) 3.0.0
AutoSell 0.1.lpk by LamPocketVN for API(s) 3.0.0
AutoXP 1.1.0 by JackMD for API(s) 3.0.0
BanItem 2.3.3 by LDX for API(s) 3.0.0
Bank 1 by GreenJajot for API(s) 3.0.0
BetterVoting 2.0.2 by Twisted for API(s) 3.0.0
BlocksConverter 2.2.2 by matcracker for API(s) 3.0.0
BoostPad 1 by BoxOfDevs Team for API(s) 2.0.0, 3.0.0, 3.0.0-Alpha9, 3.0.0-ALPHA10, 3.0.0-ALPHA11, 3.0.0-ALPHA12, 3.0.0-ALPHA13, 3.0.0-ALPHA14, 3.0.0-ALPHA15
Broadcaster 1.5 by EvolSoft for API(s) 3.0.0
BuilderTools 1.2.0-beta4 by CzechPMDevs, VixikHD for API(s) 3.16.0
BurgerSellWands 1.0.1 by Heisenburger69 for API(s) 3.0.0
BurgerSpawners 0.1.4 by Heisenburger69 for API(s) 3.0.0
BuyFix 1 by phuongaz for API(s) 3.0.0
CommandsMNF 3.0.0 by NoobMCBG for API(s) 3.8.1
CrashAndBan 0.1.0 by jasonwynn10 for API(s) 3.0.0
CustomAnvilUI 1.0.0 by ItzFabb for API(s) 3.0.0, 3.1.0, 4.0.0
DEVirion 1.2.5-ALPHA12 by poggit, SOFe for API(s) 3.0.0
DLevelIsland 1.0.0 by Nguyễn Công Danh (NCD) for API(s) 3.0.0
DancingFarm 1 by RicardoMilos384, DontTouchMeXD for API(s) 3.17.0
DevTools 1.14.2 by PocketMine Team for API(s) 3.13.0
DynamicFT 1.0.5-dev2 by OguzhanUmutlu for API(s) 3.0.0
EconomyAPI 5.7.2 by onebone for API(s) 3.0.0
EnchantUI 0.4 by UnknownOre for API(s) 3.0.0
EnchantVipUI 0.6 by UnknownOreforsource|RBpmmpformod for API(s) 3.0.0
EnchantVipUI1 0.6 by UnknownOreforsource|RBpmmpformod for API(s) 3.0.0
FlyPE 3.8.3 by AGTHARN for API(s) 3.0.0
FormAPI 1.3.0 by jojoe77777 for API(s) 3.0.0
GlobalMute 1.0.1 by Shelly7w7 for API(s) 3.0.0
Huongdan 1 by rbplugin for API(s) 3.0.0, 4.0.0
InvCrashFix 0.0.1 by  for API(s) 3.14.0
InvSee 1.0.0 by BlockHorizons for API(s) 3.0.0
KeepInventory 1.0 by KhoaGamingPro for API(s) 3.0.0
KeepYourXp 1.1.1 by ArasakaID for API(s) 3.0.0
KeyShopUI 1.0 - Butterfly by Ibenrm01 for API(s) 3.0.0
KitUI 1.3.4 by Infernus101 for API(s) 3.4.0
KygekJoinUI 1.5.1 by Kygekraqmak for API(s) 3.0.0
LoadAllWorlds 1.1.2 by  for API(s) 3.12.0
LpkPointShopUI 0.0.4 by SaltyPixelDevz, LamPocketVN for API(s) 3.0.0
MSpawns 2.2 by EvolSoft for API(s) 3.0.0
MaxEnchants 1.2.1 by Xenophilicy for API(s) 3.0.0
MineLevel 1.0.0 by TungstenVn for API(s) 3.0.0
MuaCupUI 2 by FurryJaki1992 for API(s) 3.0.0
MuaKiemUI1 2 by FurryJaki1992 for API(s) 3.0.0
MuaRank_v1 1.0.0 by RB_Plugin_ForMNF for API(s) 3.0.0
MuaSsp 2 by NoobPvP2k3 And Shin1134 for API(s) 3.0.0
MysteryCrate 9.2.0 by JackMD\RBplugin, DaPigGuy for API(s) 3.9.0
Netherite 1.2.1 by Wertzui123 for API(s) 3.0.0
NickUI 1 by MatzeLP for API(s) 3.0.0, 4.0.0
NoTP 1.0.7 by awzaw for API(s) 3.0.0
PECollide 1.2 by saxavlax001 for API(s) 3.0.0
PayAll 1.0.0 by Julicraft_44 for API(s) 3.0.0
PiggyCrates 2.0.9 by DaPigGuy for API(s) 3.2.0
PiggyFactions 1.2.0 by DaPigGuy for API(s) 3.13.0
PlayerHead 1.0 by Enes5519 for API(s) 3.0.0-ALPHA12, 3.0.0
PointAPI 2.0.9 by onebone | Edit By Nờ Cờ Dờ (NCD) (Danh Miner) | Mod By RBplugin for API(s) 3.7.1, 3.7.0, 3.0.0
PureChat 1.4.11 by 64FF00 for API(s) 3.0.0
PureEntitiesX 0.7.0 by milk0417, RevivalPMMP for API(s) 3.19.0
PurePerms 1.4.3 by 64FF00 & ProjectInfinity for API(s) 3.0.0
RandomBlock1 2.0.0 by Edit By Nờ Cờ Dờ for API(s) 3.0.0
RankInfoUI_By_NaufalBlaze 1 by NaufalBlazeYT for API(s) 3.0.0, 4.0.0
RenameItems 2.0 by Wertzui123 for API(s) 3.0.0
ReportUI 1.0.0 by MasApip for API(s) 3.0.0, 4.0.0
SETVIP 2.3 by MCPEVN TEAM for API(s) 3.0.0
ScoreHud 3.0.0 by JackMD for API(s) 3.0.0
SellAll 1.3.0 by AndreasHGK for API(s) 3.0.0
SellExp 3.0.0 by EzMinh, LetTIHL for API(s) 3.0.0
ShopUI 1.0.0 by SaltyPixelDevz for API(s) 3.0.0
ShopXu 2 by FurryJaki1992 for API(s) 3.0.0
Shoptrademoney 2 by FurryJaki1992 for API(s) 3.0.0
Shulkerbox 1.1.2 by UltraFlappy for API(s) 3.0.0
SizePlayer 1.1.0 by  for API(s) 3.0.0
SkyBlock 2 by Mod/Edit By RB Plugin PocketMine for API(s) 3.0.0, 4.0.0, 3.0.6
SkyBlockUI 1 by BabosApple for API(s) 3.0.0
Slapper 1.6.2 by Slapper for API(s) 3.0.0, 4.0.0
SlapperRotation 1.2.1 by jojoe77777 for API(s) 3.0.0
Solo 1.0.0 by VixikHD for API(s) 3.0.0
SpawnerGUI 1 by DandierSmile122 for API(s) 3.0.0
Sponges 1.1.0 by  for API(s) 3.0.0
TradeNPC 1.0.0 by Free for API(s) 3.0.0
VanillaEnchantments 4.0.0 by TheAz928 for API(s) 3.0.0, 3.1.0
WorldProtect 2.3.8 by aliuly for API(s) 3.0.0
cayphattai 1.1.1 by Lettihl for API(s) 3.0.0
essentialsTP 1.2.2 by  for API(s) 3.0.0

----------------------REPORT THE DATA BELOW THIS LINE-----------------------

===BEGIN CRASH DUMP===
eNrtXXtz4zaS/yo4TWrjuZJkkXp7z6nxc+yM7dHansdumHJBJCgx5it8yJb38t2vGwBJgPbYkkfZ
2z82VROLTaLRv0ajHyAJ/rPhRklAs5sFS1IvChs7vWYj8wLW2DEG5qhrDDq9bntojAcDo9nIY3Gq
3zbNUWdsdDpG3+gMzGbDp2l2lCRR0tj5ZyNbxnBRQxw3GwFLUzpDygH1fZJFhJKABVOWEDcP7Qy6
JTOWvU+iPJ6wJPBSlCTdekvgRJj7PvBw4c+x5yOTeE6Tne3tg53tTykIvb3nBF7opVlCsyjZPmTp
bRbF2xfsjriR77BkO/bzmRem21dH159PJzcLs91vI5PtNLG3zw8mR58vtq9Y9tmLgRxjZ7KjldtB
G98LoY1pjEB9CbXh9y+NNx2yOo8tc/B2hwiSZQla66fMs2+33gL/NwaJA2yE/+LIvmUZwGbbqT1n
Tu4DzGua3p7Q0IHfW0Z3qDC7BiZ4tvVTFF7m4ZYXZmwG2jc4Y3MVxlfF0ZYxHAPr6kLLKq+EnioZ
Wj8lj7rqPt2VUNL2hP85pyEYS7I16Pee76cUqfVTQL3wep4w6pwwmmRTRrNaz72ne75iCRj+ltkd
1UEJmSxLE0qMR9lxWuuk/3wnRt+sdSLOqKM8eJaFMR4/x2KSRDbMtSgRvIbP8+qPBt/glWagRMFj
9DSPCf95Dj+3uobxDTY3NzZM4yzJ7Wwrmv7G7Izs05QdgK9IzyIKU7NJJF1tnmeen1rWOYzpWTSb
4VXAxAtnv/TMX8nBjmXxeW9Z2sS3LDnzLaua+pZVtu131m4r565lcU2MX9ZEr66JVKhazN+OYLDF
9ZWw33MvYVtSuvHwV7K2X6u6bp1PKq9SCPC28esfzQb7M53y9/hJkE00vPHCReQvWMDCDLg5oBY7
axRngSL4AsWOHIZQzM4YyFZmZZ679YP3i/Er+R+YguSfcI1pdOQ5K+OHRnn4Q0x2yQ/Z3EtbP8Xg
WwHexKdLGKAfQhqwt3/l15t68255iH3F5L92dzl88pe/FLyAj5xTbx8zLRsU4vVKhrKHfp0wUAg/
gJwpC51zMVxbVsPKOx06dC9peEvEb/aL1WgT0ANMj7bV+FWSXdvKDcaGlEzxBzVCPGEYBp5mXTJH
6tTNxA843SShIOUkyPGXA00yT9BiknF2fZvYyMDtkgREaJJ7L0QOyHJJZh4t2f2X1ZAqHZaA/uDH
o2pIFjHY1qNh4Va3xRG9rQiaGQrO44pTxSAtGcTNGuND5tLcl6ffCiambjCmoR+aiv3Y7qySFVMh
zlQ1H7Ort65GOw9TvBR5wHjZeZKAvbcWXgwjJtv262hEF2nRBaDB5vLqwTeupgsm1WMOdWFGqi2D
JhV55uBSwBEV8qCx/vGfTOY/mcx/Mpn/ZDL/DplMszFjIUuoj/EffSG4Mq0VCDaFIanq2EYXitS2
gfTc8x2oZ0c9qG299MZhi8aOS/2UQZKRRFlkR8C214PSbeZhCjLuDYedbo/2KOuPbLtvG+Z0ZA5H
ttGjI9Yb0F4XzHdqAu9cyvLFC53oLiUX1+Tgb6eH55//cXK1/+X4YnJJjE67Q7gMxBgOB12yVVws
zIuYHWPwluydHw56mPZACbrTGLZ7ID4cPkDw52B67Y44exOl2OHpxcU1EPjBHeRJmB4FcQQKv/G9
aUITj6WoLOrMAWDCtn9Lo7AF18g8y2gbbfOda5vucDAejt0O7fVo3+1PbZOa00Gn43SGA9NlHTYc
sSGwdyCwQMh3omDbhpRxSu3b1oL6noOjCgzz8DaM7sJ38i8KWxnX1AtpsuQTAi7tQN9G912HThnr
jpweM0cDY2Aarjkw7eGYmrTrDMZjZ0RBNLens3qyc6PdaXffDXrD0bAHbQaDqU0hM+qPRn2zZ7JR
3za7ttlnI7vfp2aNIU5jn09jKZv5bjzsD8fmqGf2Bn2zO+5OjeGIdoegliG4iS7wtsdjw5jqnPxo
xjmA3b0bdTtT0Khpu+MBc8GeoGcEPOh1O6Zrwv+6hk1740ccWnHGA0ChqO47BvbIbHfAbEgfXcfp
9Yw+ZFgO7cLB2Bl2py5oi1GdVUCzuZRm8A467Q/tKZgwqHc86o8Hw+G0Nx7Q4WjkTMem6Tp927W7
OotwmhV4Ru/G7sgEgZ2hC2NiO2PaHwxYrzcddO2ea4zocNAfUjaqKbf62Qricla+W2OKKcwSegu2
LfQCXICNbbNefzQdTV2HdVnPcZ0p6Noe9MeuPZwOXWYOpn27ZkFpGEUPTKq3/27YmfbZcNwd0s5g
NBw5Ttc0aNcAtGw6HDj9gTkeuabt1JjEPucA8/TdYNoZTYe2O7J71KXG0OiO7TE1pjAwxrTXGfW7
hsOMgdH4o6x6+NzccxY0tJnzc4SFTunYNHKzUbk0nLPoBWiezaMkxcwMkr5O946hh6Sxh5QuTIUO
HrOQTn0G3gMCF7g6h8XgS7ARnEsjF5JhhYCJB/Qg2VkWlTL8FmHuUJMIJws64I9X118+Xp4dAumO
TVMvQ+kxcdwLM+86ivz96F7FpVBVWB3uphVQF7MzGny+2BQoyQ5gVAJYlgjcL6GBiDDPp23wm9uF
VBLf58hzauA46YUBO/agxp6hyznwFp69KYz74DKy+TW9hSDsL/e5uxWAUajq10t451kWpxC8FdxP
sd4u+aE2cr5ecBLlKVM1opJ1rUDxoGvlCoLU7bh//33qaBxBnhYFy73JKbA/DRcHCU3nxx5nKxWV
yp7AxIV8c5QPFKRL+7KJ51l04EOSfkZnMw21Sldhdx8bw/UdpEUAbVOzV7BDaJDVoBA+CIHYdJnW
tQAp5l669PPg/GBb5yeVcfR1UlMDUvR5/mimX+bT5TULYn9jHqziKHCDECIFX3VQwWxqOJDyCEdt
JH+GjOQiihJnnnvpprD8BkzDgqkYVS9cCFxCqJUQXTHfr0HipJoPbvvxrQ4K/J1Istf0xQ1kvwc9
PINN4S0AYZvq16rYHhldzeae8MA4VOeHmxojwU0IvqqpPTHFBJttiQDA7dPwNGOBgq6gqPDMdrfd
rQ3a4ddNYQNWliW7fTUyYNLC9ZvtQn4B7lZHdquPmg7pfcJY+DP9Lco2haziaFnBis5hn2UZSz5H
GcRBVXiVrI8NZM5/gr9vTLzZbHmQp1kUHIX2nIZZ2ngiCEy5YAsuGAyjLubLaH2YnelBFAKgjCUq
4NoZHbNZxwx1iJ2AdcOVGxq8iiPA0oVZNa3jCKMozSZUTeJK0jPGCMnjR/eQLVJyzWigYDI5pqbE
Jv+29vx4TsfV4dnkZM/o1I6N2rFZO+7Wjnu14/6r08YCDGgScK8eKfcTuMKmac00FKruhWv53tEi
8q9Aps2lv2XHgESTQkK5ut67vP40edJb3d3dtRlIhNzb2S3Hhws2LMFqIVUBquR6TttpwZSjPR3p
wQOz55Nz1DGc+Ozde7cnevAxBq/HbSP3OHD4CE6FcBkKB1rQRV3XbStyb2usuHKSGUswTH+hXCJF
P/oZXUWP0r8T5qUsnPJGg/F6OYaS6z+jIL0H1Iom4BoGLxrG9C5kyROQixP1pKq3McTro5QyvTp0
14TlWlhiOaWi54Rn/GU8z6NwRh82NtV5j6sP3EEUBDjU5xfHitwqVS/SOvV8EdL66fnB/nsNwAhM
+bXLEZKfZdnBI4/7lJviKLCS3QsdSJVUFAq1bng1FL/RNArvlmFodDZXnpQsLUsRZY2x4UnMXrjw
/E+nKi6NXnciNWSn2cMxnU4foWqWFXdvLW/SbBxHSfCCX+GyrQ708Oizl3AEJcaS9GhpREkC1HkU
zfD2RLNx9fF4Y9WyYGpZCy6KZUEgkb8U8V4wzcMztmD+aerTUM2lNPILQ3gxy5f42IDdD8kBf7yg
F87IIQ3nZOvi4PDtqyPDSmOJvbMQcsgZ9gjQdclfHlwa2pBVH9NELddU6jPu8dKzaeJE554fpd0R
RovDKMyuo9yen7OvtUxh+PqR1rgCxko67WAlvGxRz4tKUq327tWrgeqmXT19Bnjd74AnBcA7oIta
zvNc6qdEu0q07ZIHol0CRs8+vlbhlrS6YfdbMIVqmD/O8geo0j4Feebnm5q5GlNAXUi0uk9SpkmF
TJs7FbR+e1gfyShkU/i3KTySnWUxIQHwtCxNmpcBiWJYiyQVTY+PtbTsk7hp+THZGJ6KI8AohFhj
cESTz178FBxB1hENvoXIBUqUJzb738v9OAhifOI7cjaP0yiBcvFeh9X4Bljj3w2tqaM1Vod77C8n
RwpMcawnoaP6qt7e++uTvcuLTd4fmeQJw2fqeF1KQy+df8YpfuXh4vkZXSprSrJ3y+KyrgFVBl8F
rKTofrP7KFuNfovYEP/bWLJacgQUQojyxypQ3vvRlPrneabe4lKIL1S6V3MoOZfDu43hSQuGljXj
UkAgAFejSfQiqBMszRytpChJz+QsyVQ+nPs45e59D6a57DvA5ebiYHVrU2/4VYBU6vN3o7RcpPcd
65P57ykm1V64sLFn17tfZ10SBL5iTEeAhBdyaL4SehIl3kMUbuwOlMbUsoQk64D5wFgMrViYRclS
waTTa9B0YB/mEX0PyU04myTRpoBpTC1LE2d1i8Nmf4do8zWuQZPE+p2o2jzaA+ugt/R0YzejSoYC
kZBiHTjLq3mkZxwVrTZIpEX2c7yn4PrLWkE+ZWESdIxNoSr4IahKmJfReHoqKI7rgaeWCJ6GLkvC
PDVq4n+HO1BYAgJvrTTww3LGbvGpGx2JQq0ts9dNjF+a0N8DeruxqVOxBDyVKKujQvex5/tfosTX
Vo91en3ymN921ubr0dxGITgBG6o9y0LBqe/f8f7XgBPfTkAD2aO5UztRjz4107uifracePfMh/Lz
oUleffed97ny6sfZ5APeghdLbkLSBSS3+GuVJWOooVMUPEbB2zOKCjnnK8/qyBaU2r3CP/emkOwU
BrLs/XU3g87pfXmjVcGkUOtreLVZ+JWFUTz3fM9ebgqcwhIttRRFO1jFenHBgy94qdBK2gtJx3Ue
ztKMhZ/DTeGqOAISRYyXceT0INfnX0nSzK72PF6eJMuf6a2HryRszPJkx6v7EGjxwWOBXgArxP8H
BLLrtTDga2k3ixqGgviCLV3u34h3VG7Aa+F9mfWcHlSzB3OaKU5PL3FLr/g8ahR2sR7oqzTWASPh
mQHDG0CTxcS87ZK90CFXcy80jG5vg0MHAqyBYIl3ypdQJGm1rUZW0YzxVvdTj1RZ1uW+LAxxUXzi
zd7nur8bf/9zVqpY3/u0lQYRNHHBsjlLPE0NFe0FH/+FJdlD7hlmd1MDWXHE13mkGK/GXHHbrjAh
aM++1bymJDxT/5/T7IGdTeo4m6T3nY/1PAC8ELrPvVUM9yK6Vp/+44d1HzPUJad3D/RuU+PDmYHA
URa/elSEQABmcnQQ+b7nqLZX0Wq2p4NK6T1d+PS+s7mSS2FpWTGzhRir3qye0OWe9sipJLwQAH7O
IZtJqJvd9Hp/xrMgKn/LEjKt7ibFU3foKtQkUKXWH/4b6/Ce9Ijmhp/+KzoBfJVk2sErjLRguq2w
2S51ckz5k/OPtFLSHz0ntYJe1r8XqC9un+d+5klKo/mk0pqNk8sPMmW4wlfkTnLn25os0NQOv1ub
JSNUJ9854IRpzyQqxGeXyY5Clvb7xqNniuqPFL7WJRT88U3iQiL190pzqMjB1Lc4y2L12dkj7w+S
/yVHjpeR/SW54HsUOPjAAP97KP/yJwbIFn96ACuI5C00Oo8cbFMmKKqShm3x/OVQeXzze+9ixgiL
38NUAL6snyKJVfRT5bXq4PfaRi0oD3rHx53O+kmzyI+/4WcUMy9+4iJsE8rPhRfl6eSoVV5SaeFG
yALYpfDVr1fMFy6k3H2gZCOVdRRmXuax9GtNYxVdX3QZ1mdN4Pm3nZ6BacIlQFpQf3J+rmc2xndk
rYngiTciwSZyfOpcCCY0Uoi59rMKiqzbOt4/1KpHV0pRCel21H3KjMhfCIwzvtF+Grpe6GUbW7fQ
bINLpPzcgHUIPqCFS/6uMr+BodajGrnuc+ou9XlPs7FXliqRVk9HsE6FsYk+nd7sL28uaO5Sf9+n
D0zH+o1rnknulcv+fr3pO3wac6gXSwHXAM4QHb5Jotq3Sq2N6r+yTFPE2EShpqLi0OMo0W9qlKQX
cutzmu7FXrzp8Ux495ZV/F39xqDc1alCUm7zpL3dVEPB94Eh10d75xtbLdH2qVlJ8iJXVGQvSC88
SvznvHpW9L76HCrez1MQSMoLz2XshU7CaHry/sOfUaBV3HE8uEDlj1VhHd3HNVhIeWFcjh4gUZw3
yRnLrk9PzjY1QIKtZR19neDtlDXGp34n6elbsHUY+h2kjT3zdLq+8F/zmvBA+FcvYWtMxQ2tr/l6
MLIE3FkACf2yBkc58a+GxXfTMQSeSox1cOX+LUum2tYMCvH5266NTz50euzTON5YSqiwRFhcEr5F
w8qQvAcmClEVUkV8/oXgDaHg/Z1hfwCi/L2S+LdLnvypwhekZ6wLStrtIkO93CciCSbVU8zfjPWi
xh1817ODohc+AZRYupz4+Eat+PvyOmGBUnd1FfG5tzDpNIKMZoMbB1T9rmF4aLS61UmKbnKD+iwq
LttwOpYKtmsDuIwymumvp9TPvHD3Y/MPbNYEWANT5EcqEDx8IXA+9Vrmd4i+QHZzyMdgfixSvh70
MWSfU/jfK+qB9zSgtwf/2DYWqcHxidf63uuzpiI+M2sOodL0WHIVeD4zzPVCknJb9dErj6uld7L3
NUYyjsKZttxeUP4lHv00XCz7ffDmotPV5b7GsHwxOVAEL0kvWOJxwjbm0Yo+VxccHwP3fSqXyHGn
OFX5T51V4fSeeD5kzvYexubomy/nvXaGCVEs6wBKn9fsaCPl2n4KEyiCP4I2SaIM9yKuNKCR6/tw
jGq3Gn0v9zeWIwlulsWfTYuFBKvcjnsC+3nuJa7HfEfdnK3Y3jUD+9sO+Lvz2xpaUIpNl/GcZhn1
FJUoxBeedoXiKvPm/qY0YsfZ6obN0hRXXqmfareMNXI9wpl/hk9Re7SsWv8vwMDN42gCkmes/jJd
sW8md798W8k2GAmET766vNN4MymPyEEUut6M4O7dVmKFb44Tj+zlMzIgprnT6ewYJtn7cHhNzI5p
4AU+DWc5nbFdFs7wOIgyZ1frWu5kiSdF5y1cDdo1xkbXROLdHCC0fC/NdiPXRQoNwygPbbQ7zJJb
1J57TOwBnu5CsEdOGF5a0tRhVHaNAe+d3stG6a7ZQcoMNBJEDtvlR26UANuSJvsD1Ti4SlIcx4tY
duN4ruvZORTOu1xWsc9oFiWtFO01nKW7XAn4GFoLzWaXT8GKljLmKJfgPuu7h0fHe5/OrpEqjKT1
e86SpexSkhIImoU8+Lsd0zQF5s7uf/P/QEt5FrVwQ2fZcOGxu5YDasTN+HZHSLqHkq2FViov0TYp
bC8D3KTwDcFpQmw+7nnC0yk+/ASURbSRBHMg4BtTRgr0hCaMZHNGII1J4QfNiI2jl5EpI15o+7nD
HPhBHpkd8rqKAmjpIoM6z5S6rEkifBIlRZZkmjB6S5ZRnkhexHMJDKIHzgp7gPHDreHBCwJj3D22
YLftiG29U3IXhT9mBPNGmhDUXgBgccPQJUqI22QL3HdzFpI8nkGABAZtK0TDFcx2rJCQN1/m/BEZ
3Bcft18nuEe+2OEWdJDQEBLtDITip7moUDlQYAz69FnG9YWvUtuMzPkm0kgJkLMwz2JK7RC+Dy2e
SOd55kRg8XJn/h1iNeQGsbYfpcyxGlyyPd+P7gjOJRCm2JWbLDxK/oYmhtdwWys8+g5B78SbHnG7
k20IyEVwShAYMVAKcpsuiVQlXi/NtDytCPvmCwRNsAjQK3UckrBUqB/Vivs3k4DRNE/4fCag9ClD
oUE57Pec8q8NzLwFXLugfs7IluwUPM5b5C56hAnCF5VboHbcPHkHTvO+L3L+mQKwqr10Gdq4gzYM
fHILdtTmF3wCbXHTLpDiZfMEUtQcRg8uT5uET2IiJzvMhybB7XMBCAYArhvwvEgL8hAsCC8RzK/4
8AImsLIkuvfAwhioASBxyw1L4VC3UqBTF22Vf2QBbLJJvOxH/OZCwps5DB0cN5laY7IFGHKYNyZX
C4fRkkh3OKu6rVJuHEke4jPtaIGg95gPAt8bJm2TQ7aQv0ngzeYwmfENpaY6+aThoEaSJI8zQRUK
Q8UEIJvExQcXJiXfVdgRE4IuIs8BsZ+WAG0EbS4CRYN1tRVDg4tb4qLS0ix8FSxKlmJSinfbCIZW
IugwDwIvw7kdsBmdLjPQOLkSqu5w5Xop8ubNr3HU7jyueW5RMGnvWoJRYWQpR+h6ICJ4JIYvBCEb
F7Kiokth5DBaOU5TMotgoCKcpmgV2JF4Ha/FRdshHUQBvXMXLHb2/bdHgLnKc/JjNP0++dMsirkI
0n2WIkl2KQH3gfEQ/F4hEPZaSGV0zJ4UjDuBL3xWSPnSHzcgIZ8XXCT0GER+sAFmOrtnds6dbyRE
FjMSg1V5Nbu3IStIK0TCcX28Ptoh1yenV+Ts9Pz0muxNJmenR1dkcnRJIOH7cHTZJHARuf4IVx2R
Lycfz47I5PLjwdHVVbvuAjR9mP2BVMeEJV7EAzI64hQB2nPGXTLXRulsDdA9pAQO9y38khY+2CXc
LGcFiSLgBAcN1oR4v2VswsggycMAGOJlsjPOWTAB11s5chGReB8fMYZgnOcN2o+vRluQiTYMW8xs
TAeEZlFcMa6ibYkBzIvFaQW125FY07dPiySRdyXyGU2mMDNa+NijSD65A3pau3yqoTiyFZGtwHcH
NMx58qFKAolZDjb4tlnEhLoRFmYowqvrAi+BN6imYJt8FD5fGDxkD1HuO6UsHgSRu5BU8qeCcczF
B6CDTkdihd6OubN4FCS56QgOJTY3iYIi2IrW8oqWaprqCCMaOZKPbIM8YVKadVwVCSMOWYIPoYIZ
SkN28iAW2ZVI4Yg80cITxXgd4kWyAZedi1kggCMI8zDZ6RMKhqANgQ96WICRpWnO0DFkcxi1WZFt
otPC3iqpmsVAihxBJpVtIQ1e+k09YV1jz/PwNi1kP6AxUr0gDyDGQnhNSJH740ASUQUJKSq94nyR
quQz5rGNQbIdS4l4hy3MgnMIur1yxA4jcapu05gbodcT/MXFxRQSvOSFKjKeObRsKPFYie0QROG5
CqSPqD2QTiQYgkuMuztioYFtBMIKHTST+hR4ip7x4irbRQXiFsUF3+dZPWeHVhiyDAdsR4YISM3w
ezk8xZzSDEpXzMS5yJA1gQnJIMN9m6h85FkRWqasTDZFeHujjlJxCt1qssyQeZO0DGUA+eDxjltZ
IYwMAdxrV3ksL0kxhXQEcqxleKKPjYEoxWqTE8gFwZZ2eXJHDiafmtAWZJjC/LrzHDB7nisI71ny
b3H+O2RQpN1VRp5y7SjXtsmeA45qTn13G5/j5GWCw8CGZVfQKcEFEDQwZSJWYU9hppYiR/fo1TDF
pH6boBCfJuGkSLarAhBrCRTqDsImNszjMG7J41p1cy5nXeo9sHI8MS0vhhFXbYqUCdJ2YR5KaO2N
TdHobZtMZBuf4qI5VtCyEpW2wHt0EzpDCDAmoLY09nnGguVlAMLjZKcJjtOB7+ESCa+X8csrLM3I
+fUnLmkKkBD2NM8I1ud8KKvuRHHRLnxNkOUtbLXDpUUrd9g0n+0UBctPxMBCRaZrc5iq/DyR5Wkq
Cmq05DCNROCS1mAgM+GcBLeDeQQFLFpgUaewohLlHsyhGSUpXRSeElc8ioUhPKeUsCAYX2wTCYtc
j8BvFIhimC8L/Ui+TqN7tPqEnB6Sra+fTg/fEtw0dg4ywPV34O7jRDzACoaB9UsCxUu7ygDBEiJ+
CVd2CJb+df+s4C9rG4XyI+8MF4d40ITsA4tcHoY5tqhYHZEhRFm0cV3eLZzz3GXrPvecCi2FNAWc
G6NZ4TYBvvhwTVEF8ApSCgpmA0knz8jCyPa9mPC2YDXndAkWg5VkEC2KohwjmgwD3BW3inOiy7Ry
gMU6l7pAcs1XOIS5i0/IirHg10rbzlO50mLjFwSEq5NtWqLNDokhR8Kd9KAb4cali5K9YByi4ays
E0Js5tfDYbO4Slsge3JRSgzyXhDlOINdEW/khEZVyiHG+Ioeii9HgBnibx4gofElD5dKYw48ZKL8
nTLBbIo7EcFvXMXkEW5e2Ds3cb64qQVeAR87KuGDHyK0Lmosvo0FvTGIaU9J2XlaTJoAJ7CPYtqB
sEVj/FtK0+VzGRcHWnns4Lseim/kXxXgHfH1XHVqHvLOpnxDZu6AUJ8swZEm4sNBRKIjcjGlCOC8
jQYd+LWISd6QGZRhaaWeasGm1FD7sYqka7qjHq/TwE1CESPGJo7i3C+MUR5gJOPXSIfY5e6QJ/it
WDoxjCXolyDYydSZL86KJaodGcRxRY2XjYIsYqAcL9yEu1zrUCY52nsLv2xZI5XTTSfHc8g23UgZ
EZhlLXGXp7xyHuHIcFHa+Oh524u4xODIlgGWPSneU08BYVqJjrWcPE+q8xwCd2J0NkuggBaLZXJl
TSwg4GcCb+v4uHwwgz8efsSPhLWkyxeRD53CHRO5NYWpc8d7TLngFQBOayvL2RBoS80L0xSD80ip
MKDivDQmiPH47SseqdQUkdMjVXWQdYdoJ8rKVRP8YzynTYK7O/PwnJVZGLhelyWQabfQA4UY/sTZ
IlqJWEG1lTB5m0kJrzlknBDJuRcrnIVkyEdenC/6eDTSAqs61JkXVL5axl9kitfjTEDXjCOLDhM7
5Et8slGxnNuuOpBn1B4KbT4f4aXbFqMrZoWyciJ5APtM6rNYI5lLIvcYWOTIvFl6DFxyhtLE4Ymj
55aMoPoAIOL+AnqgYuFA+DjgJ11kEdmo79FUViWQSFLc+UweYcoDMsqx2ikGTZwDu8UVrB3yC89V
IH42+ZLWr8hUbB9Shkn1vgeHgXlj4jly0aC43cRXA56KWDyg8wid8vyYF5v4dhvIKsOtKr7ol8sg
fhK8QYVRQUSvqscdcny2d71j/nXY7I/vjWb3vts0/2r81cF8iM/zLbwbbKNz3R11hCsWR73+W5Hk
iVsMaq0uZjjGFtCxXErjqQdfC4NRs5dEfEoxTwqnXBQoSXlzgnsc4AOhyuY3f9JCYa3ixgbYgshm
3xxzV8O74tdrTHKeKchPDSuUFk8tlZwvinl5y+7B8aWytrNvsTpIeR0DGpl6kJcvRQ7Hr0O8IApU
HiKMiDkjUHL+kIwkpa9uNBvsPmNhWrwtyR9eUD72N7XlR9tKCt5UCh2aaLQouHGiDJyhRpUfeK4I
eeKrxw5/vb86dj2fb95fUWaB9unBOYQP9diDWbZQCfhFQfU4mIpbZCoNUzGQ31Fpsa3DvmSuXFzQ
WnK/n+okyFAClXI1OdMkWKa/+/yDifIXKU9l0S0LIbxriJeU3yA15fNsD14sHl3o8/0lH8TH5sqr
4fA+0HUaoTRmp9M1DBNfWJwcftSQOtENl6ROBJKnDwdM9zBNtQvFToxfzzWINQngEKtkHRYQ7/D1
fo2ofFYQXzs28DOYIPBcN64q2t7wZEr9ZCM+tePNxKccJRfcwoj7IEd8lk+8MGAnyziLJIFblvNo
lDxtYLk6uioJqrKce9xZLsynkOAfmGZ9nPAFnarBH3/8Hz1u9Og=
===END CRASH DUMP===
