PocketMine-MP Crash Dump Sat Aug 7 13:02:20 +07 2021

Error: Undefined index: *wTë
File: plugins/AuctionHouse_1.2.5.phar/src/shock95x/auctionhouse/libs/muqsit/invmenu/session/PlayerManager
Line: 36
Type: ErrorException

THIS CRASH WAS CAUSED BY A PLUGIN
BAD PLUGIN: AuctionHouse v1.2.5

Code:
[27] 
[28] 	/** @var PlayerSession[] */
[29] 	private static $sessions = [];
[30] 
[31] 	public static function create(Player $player) : void{
[32] 		self::$sessions[$player->getRawUniqueId()] = new PlayerSession($player);
[33] 	}
[34] 
[35] 	public static function destroy(Player $player) : void{
[36] 		self::$sessions[$uuid = $player->getRawUniqueId()]->finalize();
[37] 		unset(self::$sessions[$uuid]);
[38] 	}
[39] 
[40] 	public static function get(Player $player) : ?PlayerSession{
[41] 		return self::$sessions[$player->getRawUniqueId()] ?? null;
[42] 	}
[43] 
[44] 	public static function getNonNullable(Player $player) : PlayerSession{
[45] 		return self::$sessions[$player->getRawUniqueId()];
[46] 	}

Backtrace:
#0 plugins/AuctionHouse_1.2.5.phar/src/shock95x/auctionhouse/libs/muqsit/invmenu/session/PlayerManager(36): pocketmine\utils\Utils::errorExceptionHandler(integer 8, string[22] Undefined index: .*wT., string[152] phar://C:/Users/Administrator/Desktop/New folder/plugins/AuctionHouse_1.2.5.phar, integer 36, array[2])
#1 plugins/AuctionHouse_1.2.5.phar/src/shock95x/auctionhouse/libs/muqsit/invmenu/InvMenuEventHandler(48): shock95x\auctionhouse\libs\muqsit\invmenu\session\PlayerManager::destroy(object pocketmine\Player)
#2 pmsrc/src/pocketmine/plugin/MethodEventExecutor(42): shock95x\auctionhouse\libs\muqsit\invmenu\InvMenuEventHandler->onPlayerQuit(object pocketmine\event\player\PlayerQuitEvent)
#3 pmsrc/src/pocketmine/plugin/RegisteredListener(80): pocketmine\plugin\MethodEventExecutor->execute(object shock95x\auctionhouse\libs\muqsit\invmenu\InvMenuEventHandler, object pocketmine\event\player\PlayerQuitEvent)
#4 pmsrc/src/pocketmine/event/Event(88): pocketmine\plugin\RegisteredListener->callEvent(object pocketmine\event\player\PlayerQuitEvent)
#5 pmsrc/src/pocketmine/Player(3709): pocketmine\event\Event->call()
#6 pmsrc/src/pocketmine/network/mcpe/RakLibInterface(176): pocketmine\Player->close(object pocketmine\lang\TranslationContainer, string[21] Internal server error)
#7 pmsrc/vendor/pocketmine/raklib/src/server/ServerHandler(95): pocketmine\network\mcpe\RakLibInterface->handleEncapsulated(string[19] 115.76.55.169 57621, object raklib\protocol\EncapsulatedPacket, integer 0)
#8 pmsrc/src/pocketmine/network/mcpe/RakLibInterface(109): raklib\server\ServerHandler->handlePacket()
#9 pmsrc/src/pocketmine/network/mcpe/RakLibInterface(99): pocketmine\network\mcpe\RakLibInterface->process()
#10 pmsrc/vendor/pocketmine/snooze/src/SleeperHandler(113): pocketmine\network\mcpe\RakLibInterface->pocketmine\network\mcpe\{closure}()
#11 pmsrc/vendor/pocketmine/snooze/src/SleeperHandler(75): pocketmine\snooze\SleeperHandler->processNotifications()
#12 pmsrc/src/pocketmine/Server(2155): pocketmine\snooze\SleeperHandler->sleepUntil(double 1628316140.3686)
#13 pmsrc/src/pocketmine/Server(1992): pocketmine\Server->tickProcessor()
#14 pmsrc/src/pocketmine/Server(1586): pocketmine\Server->start()
#15 pmsrc/src/pocketmine/PocketMine(311): pocketmine\Server->__construct(object BaseClassLoader, object pocketmine\utils\MainLogger, string[42] C:\Users\Administrator\Desktop\New folder\, string[50] C:\Users\Administrator\Desktop\New folder\plugins\)
#16 pmsrc/src/pocketmine/PocketMine(341): pocketmine\server()
#17 pmsrc(11): require(string[97] phar://C:/Users/Administrator/Desktop/New folder/PocketMine-MP.phar/src/pocketmi)

PocketMine-MP version: 3.22.1 [Protocol 448]
Git commit: 9477034a4ae58cc5c12b8278c14a8e46a43992b2
uname -a: Windows NT CQIDMVZHSBWFNPR 10.0 build 17763 (Windows Server 2016) AMD64
PHP Version: 7.4.22
Zend version: 3.4.0
OS : WINNT, win
Composer libraries: 
- adhocore/json-comment 1.1.2@fc2f76979f0a44a5f5bc2a2b600d0762fe0e78e7
- daverandom/callback-validator unknown@unknown
- pocketmine/binaryutils 0.1.13@0abee38d4e2861621f262c79a2a3d699d8a697f4
- pocketmine/callback-validator 1.0.3@64787469766bcaa7e5885242e85c23c25e8c55a2
- pocketmine/classloader 0.1.2@9757928424652393b178a3760073113aa7c9911b
- pocketmine/log 0.2.1@830b44a2cf96ef703c550abe64302f230231ca49
- pocketmine/log-pthreads 0.1.3@e477ecf6ec214fdd4415ea1da3fdd9d73bf699ea
- pocketmine/math 0.2.6@43057cb8c179a9859677b496a788db922fd5cfc3
- pocketmine/nbt 0.2.18@9f82ca4d7f97fcd9a566e44b63c4f18a7657ae82
- pocketmine/pocketmine-mp 3.22.1@9477034a4ae58cc5c12b8278c14a8e46a43992b2
- pocketmine/raklib 0.12.11@9cce458b8bfde3e4dfdbf70c659fc7b7fe26b5c4
- pocketmine/snooze 0.1.5@70b5e7937a06878dd321a3182ceb76d56298f2cd
- pocketmine/spl 0.4.2@6b08b7cf8c4afa17139c9a1b3bf1b408531de161

Loaded plugins:
AdvancedJoin 1.1.0 by tim03we for API(s) 3.0.0
AntiToolBox 0.1 by NgLamVN for API(s) 3.0.0
AntiVoid 1.1.0 by FiberglassCivic for API(s) 3.0.0
AuctionHouse 1.2.5 by Shock95x for API(s) 3.0.0
AutoClearLagg 3.1.0 by Twisted for API(s) 3.0.0
AutoEXP 0.0.1 by RubyTemple for API(s) 3.0.0
AutoInv 0.0.10 by JackNoordhuis for API(s) 3.0.0
AutoSell 0.1.lpk by LamPocketVN for API(s) 3.0.0
AutoXP 1.1.0 by JackMD for API(s) 3.0.0
BanItem 2.3.3 by LDX for API(s) 3.0.0
Bank 1 by GreenJajot for API(s) 3.0.0
BetterVoting 2.0.2 by Twisted for API(s) 3.0.0
BlocksConverter 2.2.2 by matcracker for API(s) 3.0.0
BoostPad 1 by BoxOfDevs Team for API(s) 2.0.0, 3.0.0, 3.0.0-Alpha9, 3.0.0-ALPHA10, 3.0.0-ALPHA11, 3.0.0-ALPHA12, 3.0.0-ALPHA13, 3.0.0-ALPHA14, 3.0.0-ALPHA15
Broadcaster 1.5 by EvolSoft for API(s) 3.0.0
BuilderTools 1.2.0-beta4 by CzechPMDevs, VixikHD for API(s) 3.16.0
BurgerSellWands 1.0.1 by Heisenburger69 for API(s) 3.0.0
BurgerSpawners 0.1.4 by Heisenburger69 for API(s) 3.0.0
BuyFix 1 by phuongaz for API(s) 3.0.0
CommandsMNF 3.0.0 by NoobMCBG for API(s) 3.8.1
CrashAndBan 0.1.0 by jasonwynn10 for API(s) 3.0.0
CustomAnvilUI 1.0.0 by ItzFabb for API(s) 3.0.0, 3.1.0, 4.0.0
DEVirion 1.2.5-ALPHA12 by poggit, SOFe for API(s) 3.0.0
DLevelIsland 1.0.0 by Nguy·ªÖn C√¥ng Danh (NCD) for API(s) 3.0.0
DancingFarm 1 by RicardoMilos384, DontTouchMeXD for API(s) 3.17.0
DevTools 1.14.2 by PocketMine Team for API(s) 3.13.0
DynamicFT 1.0.5-dev2 by OguzhanUmutlu for API(s) 3.0.0
EconomyAPI 5.7.2 by onebone for API(s) 3.0.0
EnchantUI 0.4 by UnknownOre for API(s) 3.0.0
EnchantVipUI 0.6 by UnknownOreforsource|RBpmmpformod for API(s) 3.0.0
EnchantVipUI1 0.6 by UnknownOreforsource|RBpmmpformod for API(s) 3.0.0
FlyPE 3.8.3 by AGTHARN for API(s) 3.0.0
FormAPI 1.3.0 by jojoe77777 for API(s) 3.0.0
GlobalMute 1.0.1 by Shelly7w7 for API(s) 3.0.0
Huongdan 1 by rbplugin for API(s) 3.0.0, 4.0.0
InvCrashFix 0.0.1 by  for API(s) 3.14.0
InvSee 1.0.0 by BlockHorizons for API(s) 3.0.0
KeepInventory 1.0 by KhoaGamingPro for API(s) 3.0.0
KeepYourXp 1.1.1 by ArasakaID for API(s) 3.0.0
KeyShopUI 1.0 - Butterfly by Ibenrm01 for API(s) 3.0.0
KitUI 1.3.4 by Infernus101 for API(s) 3.4.0
KygekJoinUI 1.5.1 by Kygekraqmak for API(s) 3.0.0
LoadAllWorlds 1.1.2 by  for API(s) 3.12.0
LpkPointShopUI 0.0.4 by SaltyPixelDevz, LamPocketVN for API(s) 3.0.0
MSpawns 2.2 by EvolSoft for API(s) 3.0.0
MaxEnchants 1.2.1 by Xenophilicy for API(s) 3.0.0
MineLevel 1.0.0 by TungstenVn for API(s) 3.0.0
MuaCupUI 2 by FurryJaki1992 for API(s) 3.0.0
MuaKiemUI1 2 by FurryJaki1992 for API(s) 3.0.0
MuaRank_v1 1.0.0 by RB_Plugin_ForMNF for API(s) 3.0.0
MuaSsp 2 by NoobPvP2k3 And Shin1134 for API(s) 3.0.0
MysteryCrate 9.2.0 by JackMD\RBplugin, DaPigGuy for API(s) 3.9.0
Netherite 1.2.1 by Wertzui123 for API(s) 3.0.0
NickUI 1 by MatzeLP for API(s) 3.0.0, 4.0.0
NoTP 1.0.7 by awzaw for API(s) 3.0.0
PECollide 1.2 by saxavlax001 for API(s) 3.0.0
PayAll 1.0.0 by Julicraft_44 for API(s) 3.0.0
PiggyCrates 2.0.9 by DaPigGuy for API(s) 3.2.0
PiggyFactions 1.2.0 by DaPigGuy for API(s) 3.13.0
PlayerHead 1.0 by Enes5519 for API(s) 3.0.0-ALPHA12, 3.0.0
PointAPI 2.0.9 by onebone | Edit By N·ªù C·ªù D·ªù (NCD) (Danh Miner) | Mod By RBplugin for API(s) 3.7.1, 3.7.0, 3.0.0
PureChat 1.4.11 by 64FF00 for API(s) 3.0.0
PureEntitiesX 0.7.0 by milk0417, RevivalPMMP for API(s) 3.19.0
PurePerms 1.4.3 by 64FF00 & ProjectInfinity for API(s) 3.0.0
RandomBlock1 2.0.0 by Edit By N·ªù C·ªù D·ªù for API(s) 3.0.0
RankInfoUI_By_NaufalBlaze 1 by NaufalBlazeYT for API(s) 3.0.0, 4.0.0
RenameItems 2.0 by Wertzui123 for API(s) 3.0.0
ReportUI 1.0.0 by MasApip for API(s) 3.0.0, 4.0.0
ScoreHud 3.0.0 by JackMD for API(s) 3.0.0
SellAll 1.3.0 by AndreasHGK for API(s) 3.0.0
SellExp 3.0.0 by EzMinh, LetTIHL for API(s) 3.0.0
ShopUI 1.0.0 by SaltyPixelDevz for API(s) 3.0.0
ShopXu 2 by FurryJaki1992 for API(s) 3.0.0
Shoptrademoney 2 by FurryJaki1992 for API(s) 3.0.0
Shulkerbox 1.1.2 by UltraFlappy for API(s) 3.0.0
SizePlayer 1.1.0 by  for API(s) 3.0.0
SkyBlock 2 by Mod/Edit By RB Plugin PocketMine for API(s) 3.0.0, 4.0.0, 3.0.6
SkyBlockUI 1 by BabosApple for API(s) 3.0.0
Slapper 1.6.2 by Slapper for API(s) 3.0.0, 4.0.0
SlapperRotation 1.2.1 by jojoe77777 for API(s) 3.0.0
Solo 1.0.0 by VixikHD for API(s) 3.0.0
SpawnerGUI 1 by DandierSmile122 for API(s) 3.0.0
Sponges 1.1.0 by  for API(s) 3.0.0
TradeNPC 1.0.0 by Free for API(s) 3.0.0
VanillaEnchantments 4.0.0 by TheAz928 for API(s) 3.0.0, 3.1.0
WorldProtect 2.3.8 by aliuly for API(s) 3.0.0
cayphattai 1.1.1 by Lettihl for API(s) 3.0.0
essentialsTP 1.2.2 by  for API(s) 3.0.0

----------------------REPORT THE DATA BELOW THIS LINE-----------------------

===BEGIN CRASH DUMP===
